0 info it worked if it ends with ok
1 verbose cli [ 'C:\\Program Files\\nodejs\\node.exe',
1 verbose cli   'C:\\Users\\PhucCorp\\AppData\\Roaming\\npm\\node_modules\\npm\\bin\\npm-cli.js',
1 verbose cli   'start' ]
2 info using npm@3.3.5
3 info using node@v4.1.2
4 verbose stack Error: ENOENT: no such file or directory, open 'd:\__git\demo\02d_angular_w3school\01\package.json'
4 verbose stack     at Error (native)
5 verbose cwd d:\__git\demo\02d_angular_w3school\01
6 error Windows_NT 6.1.7601
7 error argv "C:\\Program Files\\nodejs\\node.exe" "C:\\Users\\PhucCorp\\AppData\\Roaming\\npm\\node_modules\\npm\\bin\\npm-cli.js" "start"
8 error node v4.1.2
9 error npm  v3.3.5
10 error path d:\__git\demo\02d_angular_w3school\01\package.json
11 error code ENOENT
12 error errno -4058
13 error syscall open
14 error enoent ENOENT: no such file or directory, open 'd:\__git\demo\02d_angular_w3school\01\package.json'
14 error enoent This is most likely not a problem with npm itself
14 error enoent and is related to npm not being able to find a file.
15 verbose exit [ -4058, true ]
